[12:08:26] Loading layer 12 for sweep (will be re-loaded for the full grid)
[12:08:33] L2 sweep on feature 9989 / layer 12: 5 Cs x 3 folds = 15 fits
[12:08:41]   fold 1/3 C= 0.001: AUC-ROC=0.9434 AUC-PR=0.3682 iters=28 (6.9s)
[12:08:50]   fold 1/3 C=  0.01: AUC-ROC=0.9306 AUC-PR=0.3469 iters=44 (9.0s)
[12:09:00]   fold 1/3 C=   0.1: AUC-ROC=0.9118 AUC-PR=0.3040 iters=49 (10.3s)
[12:09:11]   fold 1/3 C=     1: AUC-ROC=0.9008 AUC-PR=0.2835 iters=44 (10.8s)
[12:09:23]   fold 1/3 C=    10: AUC-ROC=0.8939 AUC-PR=0.2719 iters=42 (11.7s)
[12:09:52]   fold 2/3 C= 0.001: AUC-ROC=0.9523 AUC-PR=0.4048 iters=27 (15.7s)
[12:10:10]   fold 2/3 C=  0.01: AUC-ROC=0.9370 AUC-PR=0.3825 iters=43 (18.0s)
[12:10:23]   fold 2/3 C=   0.1: AUC-ROC=0.9217 AUC-PR=0.3310 iters=47 (13.3s)
[12:10:35]   fold 2/3 C=     1: AUC-ROC=0.9092 AUC-PR=0.3032 iters=44 (12.2s)
[12:10:45]   fold 2/3 C=    10: AUC-ROC=0.9013 AUC-PR=0.2946 iters=37 (9.9s)
[12:11:07]   fold 3/3 C= 0.001: AUC-ROC=0.9517 AUC-PR=0.3423 iters=27 (10.0s)
[12:11:19]   fold 3/3 C=  0.01: AUC-ROC=0.9364 AUC-PR=0.3143 iters=42 (12.4s)
[12:11:36]   fold 3/3 C=   0.1: AUC-ROC=0.9202 AUC-PR=0.2691 iters=53 (16.5s)
[12:11:46]   fold 3/3 C=     1: AUC-ROC=0.9107 AUC-PR=0.2595 iters=45 (9.9s)
[12:11:55]   fold 3/3 C=    10: AUC-ROC=0.9018 AUC-PR=0.2510 iters=40 (9.5s)
[12:11:55] L2 sweep complete. Mean AUC by C: {0.001: 0.949119584213855, 0.01: 0.9346736813931251, 0.1: 0.917913598684183, 1.0: 0.906914461395075, 10.0: 0.8989903990478357}. Best C=0.001
[12:11:55] Wrote C:\Users\varsh\OneDrive\projects\feature-precursor-detection\results\step4_l2_sweep.csv
[12:11:55] Labels: train=(81600, 5) (positives per feature: [845, 755, 506, 358, 559]), test=(20400, 5) (positives: [190, 267, 75, 68, 97])
[12:11:55] --- Layer 5: loading + standardizing fp32 residuals ---
[12:12:00]   X_train=(81600, 2304) (752 MB) X_test=(20400, 2304) (188 MB)
[12:12:21]   [linear] feat=9989 (refusal       ) layer= 5: AUC-ROC=0.8913 [0.8703, 0.9124]  AUC-PR=0.1621 [0.1203, 0.2200]  p@k=0.2105  (13.0s fit, 3.2s eval, n_iter=30)
[12:12:52]   [mlp   ] feat=9989 (refusal       ) layer= 5: AUC-ROC=0.8889 [0.8690, 0.9088]  AUC-PR=0.1369 [0.1077, 0.1728]  p@k=0.2263  (27.9s fit, 2.8s eval, loss=0.1989)
[12:13:48]   [linear] feat=817 (deception     ) layer= 5: AUC-ROC=0.8931 [0.8758, 0.9117]  AUC-PR=0.1964 [0.1615, 0.2564]  p@k=0.2509  (50.8s fit, 5.4s eval, n_iter=34)
[12:14:23]   [mlp   ] feat=817 (deception     ) layer= 5: AUC-ROC=0.8918 [0.8767, 0.9064]  AUC-PR=0.1651 [0.1326, 0.2099]  p@k=0.2360  (30.6s fit, 3.8s eval, loss=0.1558)
[12:14:51]   [linear] feat=12730 (ethics        ) layer= 5: AUC-ROC=0.8734 [0.8258, 0.9077]  AUC-PR=0.0777 [0.0385, 0.1547]  p@k=0.1200  (23.5s fit, 4.9s eval, n_iter=27)
[12:15:24]   [mlp   ] feat=12730 (ethics        ) layer= 5: AUC-ROC=0.8517 [0.8015, 0.8974]  AUC-PR=0.0641 [0.0347, 0.1186]  p@k=0.1200  (28.9s fit, 3.8s eval, loss=0.1044)
[12:15:52]   [linear] feat=892 (sycophancy-adj) layer= 5: AUC-ROC=0.9364 [0.9004, 0.9606]  AUC-PR=0.3386 [0.2314, 0.4377]  p@k=0.3382  (24.4s fit, 3.9s eval, n_iter=25)
[12:16:20]   [mlp   ] feat=892 (sycophancy-adj) layer= 5: AUC-ROC=0.9228 [0.8803, 0.9482]  AUC-PR=0.3351 [0.2355, 0.4528]  p@k=0.3676  (23.8s fit, 4.1s eval, loss=0.0748)
[12:16:49]   [linear] feat=1031 (harm          ) layer= 5: AUC-ROC=0.9778 [0.9701, 0.9863]  AUC-PR=0.4983 [0.3980, 0.5964]  p@k=0.4948  (23.6s fit, 4.8s eval, n_iter=26)
[12:17:16]   [mlp   ] feat=1031 (harm          ) layer= 5: AUC-ROC=0.9719 [0.9644, 0.9823]  AUC-PR=0.3319 [0.2445, 0.4518]  p@k=0.4330  (23.5s fit, 4.1s eval, loss=0.1048)
[12:17:16] --- Layer 5 done (321s wall) ---
[12:17:16] --- Layer 8: loading + standardizing fp32 residuals ---
[12:17:21]   X_train=(81600, 2304) (752 MB) X_test=(20400, 2304) (188 MB)
[12:17:51]   [linear] feat=9989 (refusal       ) layer= 8: AUC-ROC=0.9060 [0.8851, 0.9279]  AUC-PR=0.1748 [0.1345, 0.2297]  p@k=0.2842  (19.4s fit, 4.2s eval, n_iter=39)
[12:18:17]   [mlp   ] feat=9989 (refusal       ) layer= 8: AUC-ROC=0.9004 [0.8803, 0.9196]  AUC-PR=0.1390 [0.1113, 0.1810]  p@k=0.2474  (21.6s fit, 4.6s eval, loss=0.1577)
[12:19:01]   [linear] feat=817 (deception     ) layer= 8: AUC-ROC=0.9244 [0.9099, 0.9374]  AUC-PR=0.2782 [0.2274, 0.3348]  p@k=0.3296  (36.2s fit, 7.3s eval, n_iter=37)
[12:19:32]   [mlp   ] feat=817 (deception     ) layer= 8: AUC-ROC=0.9328 [0.9193, 0.9466]  AUC-PR=0.2759 [0.2166, 0.3343]  p@k=0.3333  (28.2s fit, 3.6s eval, loss=0.1376)
[12:19:58]   [linear] feat=12730 (ethics        ) layer= 8: AUC-ROC=0.9246 [0.8815, 0.9532]  AUC-PR=0.1819 [0.0979, 0.2776]  p@k=0.2400  (20.4s fit, 4.6s eval, n_iter=34)
[12:20:23]   [mlp   ] feat=12730 (ethics        ) layer= 8: AUC-ROC=0.9125 [0.8662, 0.9450]  AUC-PR=0.1494 [0.0861, 0.2254]  p@k=0.2400  (19.3s fit, 6.2s eval, loss=0.0812)
[12:20:59]   [linear] feat=892 (sycophancy-adj) layer= 8: AUC-ROC=0.9723 [0.9526, 0.9865]  AUC-PR=0.4208 [0.3017, 0.5338]  p@k=0.4412  (28.1s fit, 7.6s eval, n_iter=26)
[12:21:30]   [mlp   ] feat=892 (sycophancy-adj) layer= 8: AUC-ROC=0.9635 [0.9371, 0.9813]  AUC-PR=0.3670 [0.2519, 0.4992]  p@k=0.4118  (26.9s fit, 4.6s eval, loss=0.0572)
[12:22:14]   [linear] feat=1031 (harm          ) layer= 8: AUC-ROC=0.9779 [0.9688, 0.9856]  AUC-PR=0.4663 [0.3716, 0.5676]  p@k=0.4433  (39.6s fit, 4.1s eval, n_iter=24)
[12:22:35]   [mlp   ] feat=1031 (harm          ) layer= 8: AUC-ROC=0.9700 [0.9535, 0.9836]  AUC-PR=0.4442 [0.3510, 0.5443]  p@k=0.4330  (17.3s fit, 3.1s eval, loss=0.0939)
[12:22:35] --- Layer 8 done (318s wall) ---
[12:22:35] --- Layer 12: loading + standardizing fp32 residuals ---
[12:22:40]   X_train=(81600, 2304) (752 MB) X_test=(20400, 2304) (188 MB)
[12:23:05]   [linear] feat=9989 (refusal       ) layer=12: AUC-ROC=0.9341 [0.9182, 0.9519]  AUC-PR=0.2815 [0.2210, 0.3583]  p@k=0.3474  (15.0s fit, 4.3s eval, n_iter=30)
[12:23:22]   [mlp   ] feat=9989 (refusal       ) layer=12: AUC-ROC=0.9313 [0.9160, 0.9467]  AUC-PR=0.2714 [0.2185, 0.3451]  p@k=0.3632  (14.6s fit, 2.9s eval, loss=0.1140)
[12:23:58]   [linear] feat=817 (deception     ) layer=12: AUC-ROC=0.9381 [0.9263, 0.9515]  AUC-PR=0.3318 [0.2844, 0.3892]  p@k=0.3708  (31.6s fit, 3.9s eval, n_iter=30)
[12:24:27]   [mlp   ] feat=817 (deception     ) layer=12: AUC-ROC=0.9276 [0.9138, 0.9420]  AUC-PR=0.2722 [0.2254, 0.3312]  p@k=0.3371  (24.6s fit, 4.5s eval, loss=0.0894)
[12:24:49]   [linear] feat=12730 (ethics        ) layer=12: AUC-ROC=0.9181 [0.8766, 0.9546]  AUC-PR=0.1737 [0.0995, 0.2706]  p@k=0.2133  (18.5s fit, 3.3s eval, n_iter=26)
[12:25:13]   [mlp   ] feat=12730 (ethics        ) layer=12: AUC-ROC=0.8911 [0.8426, 0.9384]  AUC-PR=0.1224 [0.0759, 0.1922]  p@k=0.2133  (20.9s fit, 3.2s eval, loss=0.0719)
[12:25:56]   [linear] feat=892 (sycophancy-adj) layer=12: AUC-ROC=0.9874 [0.9792, 0.9930]  AUC-PR=0.4525 [0.3303, 0.5617]  p@k=0.3971  (35.8s fit, 6.8s eval, n_iter=24)
[12:26:24]   [mlp   ] feat=892 (sycophancy-adj) layer=12: AUC-ROC=0.9834 [0.9724, 0.9897]  AUC-PR=0.4319 [0.3260, 0.5634]  p@k=0.4559  (25.1s fit, 3.5s eval, loss=0.0424)
[12:27:01]   [linear] feat=1031 (harm          ) layer=12: AUC-ROC=0.9828 [0.9722, 0.9919]  AUC-PR=0.5701 [0.4814, 0.6771]  p@k=0.5567  (30.9s fit, 6.2s eval, n_iter=22)
[12:27:56]   [mlp   ] feat=1031 (harm          ) layer=12: AUC-ROC=0.9748 [0.9602, 0.9889]  AUC-PR=0.5341 [0.4336, 0.6441]  p@k=0.5052  (48.9s fit, 6.2s eval, loss=0.0521)
[12:27:57] --- Layer 12 done (322s wall) ---
[12:27:57] --- Layer 20: loading + standardizing fp32 residuals ---
[12:28:04]   X_train=(81600, 2304) (752 MB) X_test=(20400, 2304) (188 MB)
[12:30:13]   [linear] feat=9989 (refusal       ) layer=20: AUC-ROC=0.9959 [0.9945, 0.9973]  AUC-PR=0.8167 [0.7710, 0.8608]  p@k=0.7053  (36.7s fit, 7.5s eval, n_iter=42)
[12:31:00]   [mlp   ] feat=9989 (refusal       ) layer=20: AUC-ROC=0.9893 [0.9853, 0.9927]  AUC-PR=0.6684 [0.6035, 0.7295]  p@k=0.6211  (40.6s fit, 6.3s eval, loss=0.0559)
[12:32:09]   [linear] feat=817 (deception     ) layer=20: AUC-ROC=0.9969 [0.9960, 0.9979]  AUC-PR=0.8532 [0.8239, 0.8849]  p@k=0.7491  (62.3s fit, 6.3s eval, n_iter=29)
[12:32:48]   [mlp   ] feat=817 (deception     ) layer=20: AUC-ROC=0.9951 [0.9936, 0.9962]  AUC-PR=0.7755 [0.7371, 0.8217]  p@k=0.7228  (35.1s fit, 4.3s eval, loss=0.0489)
[12:33:15]   [linear] feat=12730 (ethics        ) layer=20: AUC-ROC=0.9930 [0.9880, 0.9973]  AUC-PR=0.7040 [0.6056, 0.8068]  p@k=0.6400  (20.2s fit, 6.2s eval, n_iter=28)
[12:33:43]   [mlp   ] feat=12730 (ethics        ) layer=20: AUC-ROC=0.9847 [0.9689, 0.9965]  AUC-PR=0.6834 [0.5884, 0.7779]  p@k=0.6133  (23.3s fit, 4.9s eval, loss=0.0391)
[12:34:13]   [linear] feat=892 (sycophancy-adj) layer=20: AUC-ROC=0.9977 [0.9965, 0.9985]  AUC-PR=0.6637 [0.5719, 0.7507]  p@k=0.5882  (25.3s fit, 5.2s eval, n_iter=33)
[12:34:46]   [mlp   ] feat=892 (sycophancy-adj) layer=20: AUC-ROC=0.9956 [0.9923, 0.9972]  AUC-PR=0.5956 [0.4989, 0.6841]  p@k=0.5441  (27.1s fit, 5.0s eval, loss=0.0651)
[12:35:12]   [linear] feat=1031 (harm          ) layer=20: AUC-ROC=0.9972 [0.9956, 0.9984]  AUC-PR=0.7870 [0.7275, 0.8561]  p@k=0.6804  (19.0s fit, 6.4s eval, n_iter=28)
[12:35:50]   [mlp   ] feat=1031 (harm          ) layer=20: AUC-ROC=0.9940 [0.9910, 0.9960]  AUC-PR=0.6173 [0.5329, 0.7097]  p@k=0.5670  (34.6s fit, 4.3s eval, loss=0.0495)
[12:35:51] --- Layer 20 done (474s wall) ---
[12:35:51] Wrote C:\Users\varsh\OneDrive\projects\feature-precursor-detection\results\step4_probe_metrics.csv
[12:35:51] Wrote C:\Users\varsh\OneDrive\projects\feature-precursor-detection\results\step4_meta.json
[12:35:51] Total wall: 1645s
