[13:07:58] Train labels: positives per feature = [845, 755, 506, 358, 559]
[13:07:58] Test labels:  positives per feature = [190, 267, 75, 68, 97]
[13:07:58] Plan: layers=[5, 8, 12, 20], features=[9989, 817, 12730, 892, 1031], N_grid=[2, 4, 8, 16, 32, 64, 128, 256, 320], subsamples_per_N=5 (1 at N=full)
[13:07:58] --- Layer 5: loading unscaled fp32 residuals ---
[13:08:04]   X_train=(81600, 2304) (752 MB), X_test=(20400, 2304) (188 MB)
[13:08:05]   L5 N=  2 seed=10 [9989 refusal]: degenerate
[13:08:05]   L5 N=  2 (  510t) seed=11 [9989 refusal       ]: AUC-ROC=0.4743 AUC-PR=0.0082 (0.09s, n_pos_tr=1)
[13:08:06]   L5 N=  2 seed=12 [9989 refusal]: degenerate
[13:08:06]   L5 N=  2 seed=13 [9989 refusal]: degenerate
[13:08:07]   L5 N=  2 seed=14 [9989 refusal]: degenerate
[13:08:08]   L5 N=  4 ( 1020t) seed=10 [9989 refusal       ]: AUC-ROC=0.7123 AUC-PR=0.0522 (0.10s, n_pos_tr=8)
[13:08:08]   L5 N=  4 ( 1020t) seed=11 [9989 refusal       ]: AUC-ROC=0.4828 AUC-PR=0.0083 (0.11s, n_pos_tr=1)
[13:08:09]   L5 N=  4 seed=12 [9989 refusal]: degenerate
[13:08:10]   L5 N=  4 seed=13 [9989 refusal]: degenerate
[13:08:10]   L5 N=  4 ( 1020t) seed=14 [9989 refusal       ]: AUC-ROC=0.7397 AUC-PR=0.0349 (0.10s, n_pos_tr=23)
[13:08:12]   L5 N=  8 ( 2040t) seed=10 [9989 refusal       ]: AUC-ROC=0.6134 AUC-PR=0.0134 (0.27s, n_pos_tr=4)
[13:08:14]   L5 N=  8 ( 2040t) seed=11 [9989 refusal       ]: AUC-ROC=0.5664 AUC-PR=0.0199 (0.28s, n_pos_tr=6)
[13:08:15]   L5 N=  8 ( 2040t) seed=12 [9989 refusal       ]: AUC-ROC=0.7545 AUC-PR=0.0416 (0.18s, n_pos_tr=32)
[13:08:17]   L5 N=  8 ( 2040t) seed=13 [9989 refusal       ]: AUC-ROC=0.5901 AUC-PR=0.0146 (0.18s, n_pos_tr=1)
[13:08:18]   L5 N=  8 ( 2040t) seed=14 [9989 refusal       ]: AUC-ROC=0.7314 AUC-PR=0.0338 (0.19s, n_pos_tr=25)
[13:08:21]   L5 N= 16 ( 4080t) seed=10 [9989 refusal       ]: AUC-ROC=0.7734 AUC-PR=0.0461 (0.44s, n_pos_tr=34)
[13:08:23]   L5 N= 16 ( 4080t) seed=11 [9989 refusal       ]: AUC-ROC=0.7509 AUC-PR=0.0919 (0.47s, n_pos_tr=49)
[13:08:26]   L5 N= 16 ( 4080t) seed=12 [9989 refusal       ]: AUC-ROC=0.7943 AUC-PR=0.0775 (0.37s, n_pos_tr=55)
[13:08:29]   L5 N= 16 ( 4080t) seed=13 [9989 refusal       ]: AUC-ROC=0.7609 AUC-PR=0.0311 (0.40s, n_pos_tr=33)
[13:08:32]   L5 N= 16 ( 4080t) seed=14 [9989 refusal       ]: AUC-ROC=0.7801 AUC-PR=0.0602 (0.44s, n_pos_tr=48)
[13:08:39]   L5 N= 32 ( 8160t) seed=10 [9989 refusal       ]: AUC-ROC=0.8171 AUC-PR=0.0772 (1.36s, n_pos_tr=106)
[13:08:46]   L5 N= 32 ( 8160t) seed=11 [9989 refusal       ]: AUC-ROC=0.7772 AUC-PR=0.0374 (1.27s, n_pos_tr=78)
[13:08:55]   L5 N= 32 ( 8160t) seed=12 [9989 refusal       ]: AUC-ROC=0.7901 AUC-PR=0.0568 (1.67s, n_pos_tr=66)
[13:09:05]   L5 N= 32 ( 8160t) seed=13 [9989 refusal       ]: AUC-ROC=0.8113 AUC-PR=0.0658 (3.08s, n_pos_tr=60)
[13:09:14]   L5 N= 32 ( 8160t) seed=14 [9989 refusal       ]: AUC-ROC=0.8091 AUC-PR=0.0867 (1.99s, n_pos_tr=43)
[13:09:26]   L5 N= 64 (16320t) seed=10 [9989 refusal       ]: AUC-ROC=0.7966 AUC-PR=0.0701 (2.48s, n_pos_tr=132)
[13:09:38]   L5 N= 64 (16320t) seed=11 [9989 refusal       ]: AUC-ROC=0.8396 AUC-PR=0.0909 (2.02s, n_pos_tr=154)
[13:09:49]   L5 N= 64 (16320t) seed=12 [9989 refusal       ]: AUC-ROC=0.8567 AUC-PR=0.0936 (2.03s, n_pos_tr=131)
[13:10:00]   L5 N= 64 (16320t) seed=13 [9989 refusal       ]: AUC-ROC=0.8332 AUC-PR=0.0703 (2.10s, n_pos_tr=185)
[13:10:14]   L5 N= 64 (16320t) seed=14 [9989 refusal       ]: AUC-ROC=0.8140 AUC-PR=0.1016 (1.64s, n_pos_tr=101)
[13:10:49]   L5 N=128 (32640t) seed=10 [9989 refusal       ]: AUC-ROC=0.8584 AUC-PR=0.1338 (6.97s, n_pos_tr=307)
[13:11:17]   L5 N=128 (32640t) seed=11 [9989 refusal       ]: AUC-ROC=0.8721 AUC-PR=0.1087 (5.48s, n_pos_tr=370)
[13:11:39]   L5 N=128 (32640t) seed=12 [9989 refusal       ]: AUC-ROC=0.8619 AUC-PR=0.1117 (4.63s, n_pos_tr=227)
[13:12:11]   L5 N=128 (32640t) seed=13 [9989 refusal       ]: AUC-ROC=0.8720 AUC-PR=0.1180 (6.46s, n_pos_tr=278)
[13:12:32]   L5 N=128 (32640t) seed=14 [9989 refusal       ]: AUC-ROC=0.8686 AUC-PR=0.0943 (4.46s, n_pos_tr=307)
[13:13:07]   L5 N=256 (65280t) seed=10 [9989 refusal       ]: AUC-ROC=0.8907 AUC-PR=0.1632 (6.83s, n_pos_tr=663)
[13:13:41]   L5 N=256 (65280t) seed=11 [9989 refusal       ]: AUC-ROC=0.8870 AUC-PR=0.1450 (6.96s, n_pos_tr=667)
[13:14:14]   L5 N=256 (65280t) seed=12 [9989 refusal       ]: AUC-ROC=0.8853 AUC-PR=0.1479 (5.95s, n_pos_tr=668)
[13:14:51]   L5 N=256 (65280t) seed=13 [9989 refusal       ]: AUC-ROC=0.8870 AUC-PR=0.1674 (6.26s, n_pos_tr=653)
[13:15:23]   L5 N=256 (65280t) seed=14 [9989 refusal       ]: AUC-ROC=0.8842 AUC-PR=0.1454 (7.16s, n_pos_tr=643)
[13:16:02]   L5 N=320 (81600t) seed=10 [9989 refusal       ]: AUC-ROC=0.8913 AUC-PR=0.1621 (8.33s, n_pos_tr=845)
[13:16:03] --- Layer 5 done (485s wall) ---
[13:16:03] --- Layer 8: loading unscaled fp32 residuals ---
[13:16:06]   X_train=(81600, 2304) (752 MB), X_test=(20400, 2304) (188 MB)
[13:16:06]   L8 N=  2 seed=10 [9989 refusal]: degenerate
[13:16:06]   L8 N=  2 (  510t) seed=11 [9989 refusal       ]: AUC-ROC=0.4718 AUC-PR=0.0081 (0.05s, n_pos_tr=1)
[13:16:07]   L8 N=  2 seed=12 [9989 refusal]: degenerate
[13:16:07]   L8 N=  2 seed=13 [9989 refusal]: degenerate
[13:16:07]   L8 N=  2 seed=14 [9989 refusal]: degenerate
[13:16:08]   L8 N=  4 ( 1020t) seed=10 [9989 refusal       ]: AUC-ROC=0.7743 AUC-PR=0.0581 (0.10s, n_pos_tr=8)
[13:16:08]   L8 N=  4 ( 1020t) seed=11 [9989 refusal       ]: AUC-ROC=0.4921 AUC-PR=0.0085 (0.10s, n_pos_tr=1)
[13:16:09]   L8 N=  4 seed=12 [9989 refusal]: degenerate
[13:16:09]   L8 N=  4 seed=13 [9989 refusal]: degenerate
[13:16:10]   L8 N=  4 ( 1020t) seed=14 [9989 refusal       ]: AUC-ROC=0.7447 AUC-PR=0.0338 (0.08s, n_pos_tr=23)
[13:16:11]   L8 N=  8 ( 2040t) seed=10 [9989 refusal       ]: AUC-ROC=0.6306 AUC-PR=0.0146 (0.16s, n_pos_tr=4)
[13:16:12]   L8 N=  8 ( 2040t) seed=11 [9989 refusal       ]: AUC-ROC=0.5930 AUC-PR=0.0147 (0.15s, n_pos_tr=6)
[13:16:13]   L8 N=  8 ( 2040t) seed=12 [9989 refusal       ]: AUC-ROC=0.7906 AUC-PR=0.0763 (0.13s, n_pos_tr=32)
[13:16:14]   L8 N=  8 ( 2040t) seed=13 [9989 refusal       ]: AUC-ROC=0.7056 AUC-PR=0.0222 (0.16s, n_pos_tr=1)
[13:16:15]   L8 N=  8 ( 2040t) seed=14 [9989 refusal       ]: AUC-ROC=0.7905 AUC-PR=0.0434 (0.16s, n_pos_tr=25)
[13:16:16]   L8 N= 16 ( 4080t) seed=10 [9989 refusal       ]: AUC-ROC=0.8457 AUC-PR=0.0658 (0.24s, n_pos_tr=34)
[13:16:18]   L8 N= 16 ( 4080t) seed=11 [9989 refusal       ]: AUC-ROC=0.8464 AUC-PR=0.1205 (0.31s, n_pos_tr=49)
[13:16:20]   L8 N= 16 ( 4080t) seed=12 [9989 refusal       ]: AUC-ROC=0.8283 AUC-PR=0.0962 (0.27s, n_pos_tr=55)
[13:16:21]   L8 N= 16 ( 4080t) seed=13 [9989 refusal       ]: AUC-ROC=0.8275 AUC-PR=0.0467 (0.27s, n_pos_tr=33)
[13:16:23]   L8 N= 16 ( 4080t) seed=14 [9989 refusal       ]: AUC-ROC=0.8532 AUC-PR=0.0906 (0.27s, n_pos_tr=48)
[13:16:26]   L8 N= 32 ( 8160t) seed=10 [9989 refusal       ]: AUC-ROC=0.8576 AUC-PR=0.1207 (0.52s, n_pos_tr=106)
[13:16:29]   L8 N= 32 ( 8160t) seed=11 [9989 refusal       ]: AUC-ROC=0.7905 AUC-PR=0.0405 (0.55s, n_pos_tr=78)
[13:16:33]   L8 N= 32 ( 8160t) seed=12 [9989 refusal       ]: AUC-ROC=0.8490 AUC-PR=0.0714 (0.56s, n_pos_tr=66)
[13:16:36]   L8 N= 32 ( 8160t) seed=13 [9989 refusal       ]: AUC-ROC=0.8412 AUC-PR=0.0886 (0.56s, n_pos_tr=60)
[13:16:39]   L8 N= 32 ( 8160t) seed=14 [9989 refusal       ]: AUC-ROC=0.8646 AUC-PR=0.1099 (0.65s, n_pos_tr=43)
[13:16:45]   L8 N= 64 (16320t) seed=10 [9989 refusal       ]: AUC-ROC=0.8468 AUC-PR=0.0835 (1.20s, n_pos_tr=132)
[13:16:51]   L8 N= 64 (16320t) seed=11 [9989 refusal       ]: AUC-ROC=0.8665 AUC-PR=0.1066 (1.13s, n_pos_tr=154)
[13:16:57]   L8 N= 64 (16320t) seed=12 [9989 refusal       ]: AUC-ROC=0.8836 AUC-PR=0.1028 (1.10s, n_pos_tr=131)
[13:17:04]   L8 N= 64 (16320t) seed=13 [9989 refusal       ]: AUC-ROC=0.8602 AUC-PR=0.0875 (1.09s, n_pos_tr=185)
[13:17:10]   L8 N= 64 (16320t) seed=14 [9989 refusal       ]: AUC-ROC=0.8724 AUC-PR=0.1240 (1.08s, n_pos_tr=101)
[13:17:22]   L8 N=128 (32640t) seed=10 [9989 refusal       ]: AUC-ROC=0.8928 AUC-PR=0.1918 (2.54s, n_pos_tr=307)
[13:17:34]   L8 N=128 (32640t) seed=11 [9989 refusal       ]: AUC-ROC=0.8876 AUC-PR=0.1353 (2.39s, n_pos_tr=370)
[13:17:47]   L8 N=128 (32640t) seed=12 [9989 refusal       ]: AUC-ROC=0.9089 AUC-PR=0.1679 (2.51s, n_pos_tr=227)
[13:17:59]   L8 N=128 (32640t) seed=13 [9989 refusal       ]: AUC-ROC=0.9010 AUC-PR=0.1581 (2.55s, n_pos_tr=278)
[13:18:12]   L8 N=128 (32640t) seed=14 [9989 refusal       ]: AUC-ROC=0.8847 AUC-PR=0.1172 (3.19s, n_pos_tr=307)
[13:18:44]   L8 N=256 (65280t) seed=10 [9989 refusal       ]: AUC-ROC=0.9013 AUC-PR=0.1832 (8.72s, n_pos_tr=663)
[13:19:16]   L8 N=256 (65280t) seed=11 [9989 refusal       ]: AUC-ROC=0.9028 AUC-PR=0.1634 (6.37s, n_pos_tr=667)
[13:19:49]   L8 N=256 (65280t) seed=12 [9989 refusal       ]: AUC-ROC=0.9069 AUC-PR=0.1767 (7.79s, n_pos_tr=668)
[13:20:21]   L8 N=256 (65280t) seed=13 [9989 refusal       ]: AUC-ROC=0.9064 AUC-PR=0.1942 (6.35s, n_pos_tr=653)
[13:20:53]   L8 N=256 (65280t) seed=14 [9989 refusal       ]: AUC-ROC=0.8991 AUC-PR=0.1667 (6.28s, n_pos_tr=643)
[13:21:35]   L8 N=320 (81600t) seed=10 [9989 refusal       ]: AUC-ROC=0.9060 AUC-PR=0.1748 (9.84s, n_pos_tr=845)
[13:21:35] --- Layer 8 done (333s wall) ---
[13:21:35] --- Layer 12: loading unscaled fp32 residuals ---
[13:21:38]   X_train=(81600, 2304) (752 MB), X_test=(20400, 2304) (188 MB)
[13:21:39]   L12 N=  2 seed=10 [9989 refusal]: degenerate
[13:21:39]   L12 N=  2 (  510t) seed=11 [9989 refusal       ]: AUC-ROC=0.4761 AUC-PR=0.0081 (0.05s, n_pos_tr=1)
[13:21:39]   L12 N=  2 seed=12 [9989 refusal]: degenerate
[13:21:39]   L12 N=  2 seed=13 [9989 refusal]: degenerate
[13:21:40]   L12 N=  2 seed=14 [9989 refusal]: degenerate
[13:21:40]   L12 N=  4 ( 1020t) seed=10 [9989 refusal       ]: AUC-ROC=0.7828 AUC-PR=0.0745 (0.10s, n_pos_tr=8)
[13:21:41]   L12 N=  4 ( 1020t) seed=11 [9989 refusal       ]: AUC-ROC=0.4886 AUC-PR=0.0084 (0.10s, n_pos_tr=1)
[13:21:42]   L12 N=  4 seed=12 [9989 refusal]: degenerate
[13:21:42]   L12 N=  4 seed=13 [9989 refusal]: degenerate
[13:21:42]   L12 N=  4 ( 1020t) seed=14 [9989 refusal       ]: AUC-ROC=0.8021 AUC-PR=0.0600 (0.09s, n_pos_tr=23)
[13:21:43]   L12 N=  8 ( 2040t) seed=10 [9989 refusal       ]: AUC-ROC=0.6660 AUC-PR=0.0170 (0.16s, n_pos_tr=4)
[13:21:44]   L12 N=  8 ( 2040t) seed=11 [9989 refusal       ]: AUC-ROC=0.6131 AUC-PR=0.0157 (0.18s, n_pos_tr=6)
[13:21:45]   L12 N=  8 ( 2040t) seed=12 [9989 refusal       ]: AUC-ROC=0.8173 AUC-PR=0.1132 (0.14s, n_pos_tr=32)
[13:21:46]   L12 N=  8 ( 2040t) seed=13 [9989 refusal       ]: AUC-ROC=0.6999 AUC-PR=0.0265 (0.13s, n_pos_tr=1)
[13:21:47]   L12 N=  8 ( 2040t) seed=14 [9989 refusal       ]: AUC-ROC=0.8271 AUC-PR=0.0538 (0.17s, n_pos_tr=25)
[13:21:49]   L12 N= 16 ( 4080t) seed=10 [9989 refusal       ]: AUC-ROC=0.8597 AUC-PR=0.0826 (0.28s, n_pos_tr=34)
[13:21:51]   L12 N= 16 ( 4080t) seed=11 [9989 refusal       ]: AUC-ROC=0.8589 AUC-PR=0.1428 (0.28s, n_pos_tr=49)
[13:21:53]   L12 N= 16 ( 4080t) seed=12 [9989 refusal       ]: AUC-ROC=0.8625 AUC-PR=0.1024 (0.26s, n_pos_tr=55)
[13:21:54]   L12 N= 16 ( 4080t) seed=13 [9989 refusal       ]: AUC-ROC=0.8248 AUC-PR=0.0616 (0.26s, n_pos_tr=33)
[13:21:56]   L12 N= 16 ( 4080t) seed=14 [9989 refusal       ]: AUC-ROC=0.8612 AUC-PR=0.0960 (0.24s, n_pos_tr=48)
[13:21:59]   L12 N= 32 ( 8160t) seed=10 [9989 refusal       ]: AUC-ROC=0.8879 AUC-PR=0.1268 (0.49s, n_pos_tr=106)
[13:22:02]   L12 N= 32 ( 8160t) seed=11 [9989 refusal       ]: AUC-ROC=0.8291 AUC-PR=0.0842 (0.65s, n_pos_tr=78)
[13:22:05]   L12 N= 32 ( 8160t) seed=12 [9989 refusal       ]: AUC-ROC=0.8484 AUC-PR=0.0885 (0.46s, n_pos_tr=66)
[13:22:08]   L12 N= 32 ( 8160t) seed=13 [9989 refusal       ]: AUC-ROC=0.8701 AUC-PR=0.1193 (0.53s, n_pos_tr=60)
[13:22:12]   L12 N= 32 ( 8160t) seed=14 [9989 refusal       ]: AUC-ROC=0.8662 AUC-PR=0.1277 (0.55s, n_pos_tr=43)
[13:22:17]   L12 N= 64 (16320t) seed=10 [9989 refusal       ]: AUC-ROC=0.8740 AUC-PR=0.1131 (0.95s, n_pos_tr=132)
[13:22:23]   L12 N= 64 (16320t) seed=11 [9989 refusal       ]: AUC-ROC=0.8940 AUC-PR=0.1461 (0.99s, n_pos_tr=154)
[13:22:29]   L12 N= 64 (16320t) seed=12 [9989 refusal       ]: AUC-ROC=0.9013 AUC-PR=0.1251 (0.99s, n_pos_tr=131)
[13:22:37]   L12 N= 64 (16320t) seed=13 [9989 refusal       ]: AUC-ROC=0.8934 AUC-PR=0.1314 (1.22s, n_pos_tr=185)
[13:22:45]   L12 N= 64 (16320t) seed=14 [9989 refusal       ]: AUC-ROC=0.8876 AUC-PR=0.1699 (1.15s, n_pos_tr=101)
[13:23:02]   L12 N=128 (32640t) seed=10 [9989 refusal       ]: AUC-ROC=0.9186 AUC-PR=0.2713 (3.38s, n_pos_tr=307)
[13:23:15]   L12 N=128 (32640t) seed=11 [9989 refusal       ]: AUC-ROC=0.9156 AUC-PR=0.2023 (2.96s, n_pos_tr=370)
[13:23:28]   L12 N=128 (32640t) seed=12 [9989 refusal       ]: AUC-ROC=0.9237 AUC-PR=0.2080 (2.38s, n_pos_tr=227)
[13:23:40]   L12 N=128 (32640t) seed=13 [9989 refusal       ]: AUC-ROC=0.9251 AUC-PR=0.2369 (2.47s, n_pos_tr=278)
[13:23:53]   L12 N=128 (32640t) seed=14 [9989 refusal       ]: AUC-ROC=0.9012 AUC-PR=0.1624 (2.49s, n_pos_tr=307)
[13:24:20]   L12 N=256 (65280t) seed=10 [9989 refusal       ]: AUC-ROC=0.9298 AUC-PR=0.2886 (6.71s, n_pos_tr=663)
[13:25:07]   L12 N=256 (65280t) seed=11 [9989 refusal       ]: AUC-ROC=0.9338 AUC-PR=0.2745 (10.12s, n_pos_tr=667)
[13:25:50]   L12 N=256 (65280t) seed=12 [9989 refusal       ]: AUC-ROC=0.9267 AUC-PR=0.2566 (8.60s, n_pos_tr=668)
[13:26:31]   L12 N=256 (65280t) seed=13 [9989 refusal       ]: AUC-ROC=0.9260 AUC-PR=0.2587 (8.81s, n_pos_tr=653)
[13:27:07]   L12 N=256 (65280t) seed=14 [9989 refusal       ]: AUC-ROC=0.9243 AUC-PR=0.2580 (7.31s, n_pos_tr=643)
[13:27:50]   L12 N=320 (81600t) seed=10 [9989 refusal       ]: AUC-ROC=0.9341 AUC-PR=0.2815 (9.26s, n_pos_tr=845)
[13:27:50] --- Layer 12 done (374s wall) ---
[13:27:50] --- Layer 20: loading unscaled fp32 residuals ---
[13:27:53]   X_train=(81600, 2304) (752 MB), X_test=(20400, 2304) (188 MB)
[13:27:54]   L20 N=  2 seed=10 [9989 refusal]: degenerate
[13:27:54]   L20 N=  2 (  510t) seed=11 [9989 refusal       ]: AUC-ROC=0.5625 AUC-PR=0.0110 (0.06s, n_pos_tr=1)
[13:27:55]   L20 N=  2 seed=12 [9989 refusal]: degenerate
[13:27:55]   L20 N=  2 seed=13 [9989 refusal]: degenerate
[13:27:55]   L20 N=  2 seed=14 [9989 refusal]: degenerate
[13:27:56]   L20 N=  4 ( 1020t) seed=10 [9989 refusal       ]: AUC-ROC=0.8662 AUC-PR=0.1184 (0.11s, n_pos_tr=8)
[13:27:57]   L20 N=  4 ( 1020t) seed=11 [9989 refusal       ]: AUC-ROC=0.5978 AUC-PR=0.0121 (0.10s, n_pos_tr=1)
[13:27:57]   L20 N=  4 seed=12 [9989 refusal]: degenerate
[13:27:58]   L20 N=  4 seed=13 [9989 refusal]: degenerate
[13:27:58]   L20 N=  4 ( 1020t) seed=14 [9989 refusal       ]: AUC-ROC=0.8451 AUC-PR=0.1103 (0.11s, n_pos_tr=23)
[13:27:59]   L20 N=  8 ( 2040t) seed=10 [9989 refusal       ]: AUC-ROC=0.7727 AUC-PR=0.0393 (0.21s, n_pos_tr=4)
[13:28:01]   L20 N=  8 ( 2040t) seed=11 [9989 refusal       ]: AUC-ROC=0.7829 AUC-PR=0.0469 (0.16s, n_pos_tr=6)
[13:28:02]   L20 N=  8 ( 2040t) seed=12 [9989 refusal       ]: AUC-ROC=0.9025 AUC-PR=0.2529 (0.18s, n_pos_tr=32)
[13:28:03]   L20 N=  8 ( 2040t) seed=13 [9989 refusal       ]: AUC-ROC=0.7488 AUC-PR=0.0278 (0.23s, n_pos_tr=1)
[13:28:04]   L20 N=  8 ( 2040t) seed=14 [9989 refusal       ]: AUC-ROC=0.8904 AUC-PR=0.1459 (0.22s, n_pos_tr=25)
[13:28:06]   L20 N= 16 ( 4080t) seed=10 [9989 refusal       ]: AUC-ROC=0.9462 AUC-PR=0.2261 (0.30s, n_pos_tr=34)
[13:28:08]   L20 N= 16 ( 4080t) seed=11 [9989 refusal       ]: AUC-ROC=0.9571 AUC-PR=0.3066 (0.33s, n_pos_tr=49)
[13:28:10]   L20 N= 16 ( 4080t) seed=12 [9989 refusal       ]: AUC-ROC=0.9575 AUC-PR=0.3467 (0.36s, n_pos_tr=55)
[13:28:12]   L20 N= 16 ( 4080t) seed=13 [9989 refusal       ]: AUC-ROC=0.9309 AUC-PR=0.2063 (0.32s, n_pos_tr=33)
[13:28:14]   L20 N= 16 ( 4080t) seed=14 [9989 refusal       ]: AUC-ROC=0.9531 AUC-PR=0.2827 (0.33s, n_pos_tr=48)
[13:28:18]   L20 N= 32 ( 8160t) seed=10 [9989 refusal       ]: AUC-ROC=0.9687 AUC-PR=0.4433 (0.56s, n_pos_tr=106)
[13:28:21]   L20 N= 32 ( 8160t) seed=11 [9989 refusal       ]: AUC-ROC=0.9574 AUC-PR=0.3593 (0.67s, n_pos_tr=78)
[13:28:25]   L20 N= 32 ( 8160t) seed=12 [9989 refusal       ]: AUC-ROC=0.9461 AUC-PR=0.2968 (0.61s, n_pos_tr=66)
[13:28:29]   L20 N= 32 ( 8160t) seed=13 [9989 refusal       ]: AUC-ROC=0.9481 AUC-PR=0.3007 (0.64s, n_pos_tr=60)
[13:28:32]   L20 N= 32 ( 8160t) seed=14 [9989 refusal       ]: AUC-ROC=0.9426 AUC-PR=0.2750 (0.59s, n_pos_tr=43)
[13:28:39]   L20 N= 64 (16320t) seed=10 [9989 refusal       ]: AUC-ROC=0.9618 AUC-PR=0.4329 (1.28s, n_pos_tr=132)
[13:28:46]   L20 N= 64 (16320t) seed=11 [9989 refusal       ]: AUC-ROC=0.9760 AUC-PR=0.5676 (1.22s, n_pos_tr=154)
[13:28:52]   L20 N= 64 (16320t) seed=12 [9989 refusal       ]: AUC-ROC=0.9807 AUC-PR=0.5279 (1.26s, n_pos_tr=131)
[13:29:00]   L20 N= 64 (16320t) seed=13 [9989 refusal       ]: AUC-ROC=0.9754 AUC-PR=0.4900 (1.40s, n_pos_tr=185)
[13:29:10]   L20 N= 64 (16320t) seed=14 [9989 refusal       ]: AUC-ROC=0.9700 AUC-PR=0.4996 (1.58s, n_pos_tr=101)
[13:29:31]   L20 N=128 (32640t) seed=10 [9989 refusal       ]: AUC-ROC=0.9893 AUC-PR=0.6977 (5.38s, n_pos_tr=307)
[13:29:51]   L20 N=128 (32640t) seed=11 [9989 refusal       ]: AUC-ROC=0.9902 AUC-PR=0.7007 (3.70s, n_pos_tr=370)
[13:30:07]   L20 N=128 (32640t) seed=12 [9989 refusal       ]: AUC-ROC=0.9884 AUC-PR=0.6383 (3.10s, n_pos_tr=227)
[13:30:22]   L20 N=128 (32640t) seed=13 [9989 refusal       ]: AUC-ROC=0.9849 AUC-PR=0.6534 (2.87s, n_pos_tr=278)
[13:30:38]   L20 N=128 (32640t) seed=14 [9989 refusal       ]: AUC-ROC=0.9901 AUC-PR=0.6720 (2.82s, n_pos_tr=307)
[13:31:21]   L20 N=256 (65280t) seed=10 [9989 refusal       ]: AUC-ROC=0.9940 AUC-PR=0.7811 (11.34s, n_pos_tr=663)
[13:32:01]   L20 N=256 (65280t) seed=11 [9989 refusal       ]: AUC-ROC=0.9949 AUC-PR=0.7927 (8.85s, n_pos_tr=667)
[13:32:35]   L20 N=256 (65280t) seed=12 [9989 refusal       ]: AUC-ROC=0.9949 AUC-PR=0.7916 (7.34s, n_pos_tr=668)
[13:33:07]   L20 N=256 (65280t) seed=13 [9989 refusal       ]: AUC-ROC=0.9931 AUC-PR=0.7847 (6.10s, n_pos_tr=653)
[13:33:44]   L20 N=256 (65280t) seed=14 [9989 refusal       ]: AUC-ROC=0.9947 AUC-PR=0.7767 (7.09s, n_pos_tr=643)
[13:34:36]   L20 N=320 (81600t) seed=10 [9989 refusal       ]: AUC-ROC=0.9959 AUC-PR=0.8167 (13.19s, n_pos_tr=845)
[13:34:36] --- Layer 20 done (406s wall) ---
[13:34:36] Completed 708 non-degenerate probe fits in 1598s
[13:34:36] Wrote C:\Users\varsh\OneDrive\projects\feature-precursor-detection\results\step5_efficiency_curves.csv
[13:34:36] Wrote C:\Users\varsh\OneDrive\projects\feature-precursor-detection\results\step5_meta.json
